Skipped file (already exists): src/guides/basics -> src/guides/v5/basics
Skipped file (already exists): src/guides/basics -> src/guides/v6/basics
Skipped file (already exists): src/guides/develop -> src/guides/v5/develop
Skipped file (already exists): src/guides/develop -> src/guides/v6/develop
Skipped file (already exists): src/guides/getting_started.md -> src/guides/v5/getting_started.md
Skipped file (already exists): src/guides/getting_started.md -> src/guides/v6/getting_started.md
Skipped file (already exists): src/guides/performance -> src/guides/v5/performance
Skipped file (already exists): src/guides/performance -> src/guides/v6/performance
Skipped file (already exists): src/guides/security -> src/guides/v5/security
Skipped file (already exists): src/guides/security -> src/guides/v6/security
Skipped file (already exists): src/guides/sites_frameworks -> src/guides/v5/sites_frameworks
Skipped file (already exists): src/guides/sites_frameworks -> src/guides/v6/sites_frameworks
Skipped file (already exists): src/guides/sites_frameworks -> src/guides/v7/sites_frameworks
Skipped file (already exists): src/guides/upgrading.md -> src/guides/v7/upgrading.md
Copied file: src/guides/basics.md -> src/guides/v5/basics.md
Copied file: src/guides/basics.md -> src/guides/v7/basics.md
Copied file: src/guides/basics.md -> src/guides/v6/basics.md
Copied file: src/guides/develop.md -> src/guides/v5/develop.md
Copied file: src/guides/contributing.md -> src/guides/v7/contributing.md
Copied file: src/guides/contributing.md -> src/guides/v5/contributing.md
Copied file: src/guides/contributing.md -> src/guides/v6/contributing.md
Copied file: src/guides/develop.md -> src/guides/v7/develop.md
Copied file: src/guides/getting_started.md -> src/guides/v7/getting_started.md
Copied file: src/guides/how-to.md -> src/guides/v5/how-to.md
Copied file: src/guides/how-to.md -> src/guides/v6/how-to.md
Copied file: src/guides/how-to.md -> src/guides/v7/how-to.md
Copied file: src/guides/index.md -> src/guides/v5/index.md
Copied file: src/guides/index.md -> src/guides/v6/index.md
Copied file: src/guides/index.md -> src/guides/v7/index.md
Copied file: src/guides/install_nodejs.md -> src/guides/v6/install_nodejs.md
Copied file: src/guides/install_nodejs.md -> src/guides/v7/install_nodejs.md
Copied file: src/guides/integrations.md -> src/guides/v7/integrations.md
Copied file: src/guides/develop.md -> src/guides/v6/develop.md
Copied file: src/guides/install_nodejs.md -> src/guides/v5/install_nodejs.md
Copied file: src/guides/learning.md -> src/guides/v6/learning.md
Copied file: src/guides/learning.md -> src/guides/v5/learning.md
Copied file: src/guides/integrations.md -> src/guides/v6/integrations.md
Copied file: src/guides/logs.md -> src/guides/v5/logs.md
Copied file: src/guides/integrations.md -> src/guides/v5/integrations.md
Copied file: src/guides/learning.md -> src/guides/v7/learning.md
Copied file: src/guides/logs.md -> src/guides/v6/logs.md
Copied file: src/guides/performance.md -> src/guides/v5/performance.md
Copied file: src/guides/performance.md -> src/guides/v6/performance.md
Copied file: src/guides/logs.md -> src/guides/v7/logs.md
Copied file: src/guides/reference.md -> src/guides/v6/reference.md
Copied file: src/guides/reference.md -> src/guides/v5/reference.md
Copied file: src/guides/reference.md -> src/guides/v7/reference.md
Copied file: src/guides/performance.md -> src/guides/v7/performance.md
Copied file: src/guides/release_notes.md -> src/guides/v5/release_notes.md
Copied file: src/guides/release_notes.md -> src/guides/v7/release_notes.md
Copied file: src/guides/release_notes.md -> src/guides/v6/release_notes.md
Copied file: src/guides/security.md -> src/guides/v6/security.md
Copied file: src/guides/security.md -> src/guides/v7/security.md
Copied file: src/guides/security.md -> src/guides/v5/security.md
Copied file: src/guides/sites_frameworks.md -> src/guides/v7/sites_frameworks.md
Copied file: src/guides/sites_frameworks.md -> src/guides/v5/sites_frameworks.md
Copied file: src/guides/sites_frameworks.md -> src/guides/v6/sites_frameworks.md
Copied file: src/guides/upgrading.md -> src/guides/v5/upgrading.md
Copied file: src/guides/upgrading.md -> src/guides/v6/upgrading.md
Copied file: src/guides/what_is_graphql.md -> src/guides/v6/what_is_graphql.md
Copied file: src/guides/what_is_graphql.md -> src/guides/v7/what_is_graphql.md
Copied file: src/guides/what_is_graphql.md -> src/guides/v5/what_is_graphql.md
Copied file: src/guides/basics/alerts.md -> src/guides/v7/basics/alerts.md
Copied file: src/guides/basics/account_settings.md -> src/guides/v7/basics/account_settings.md
Copied file: src/guides/basics/collaboration.md -> src/guides/v7/basics/collaboration.md
Copied file: src/guides/basics/properties.md -> src/guides/v7/basics/properties.md
Copied file: src/guides/basics/environments.md -> src/guides/v7/basics/environments.md
Copied file: src/guides/basics/deployments.md -> src/guides/v7/basics/deployments.md
Copied file: src/guides/basics/domains.md -> src/guides/v7/basics/domains.md
Copied file: src/guides/develop/deploy_to_edgio.md -> src/guides/v7/develop/deploy_to_edgio.md
Copied file: src/guides/develop/logs.md -> src/guides/v7/develop/logs.md
Copied file: src/guides/basics/hostnames_and_origins.md -> src/guides/v7/basics/hostnames_and_origins.md
Copied file: src/guides/develop/packages.md -> src/guides/v7/develop/packages.md
Copied file: src/guides/develop/cli.md -> src/guides/v7/develop/cli.md
Copied file: src/guides/integrations/bigcommerce.md -> src/guides/v5/integrations/bigcommerce.md
Copied file: src/guides/develop/rest_api.md -> src/guides/v7/develop/rest_api.md
Copied file: src/guides/integrations/wordpress.md -> src/guides/v5/integrations/wordpress.md
Copied file: src/guides/integrations/shopify_hydrogen.md -> src/guides/v5/integrations/shopify_hydrogen.md
Copied file: src/guides/integrations/swell.md -> src/guides/v5/integrations/swell.md
Copied file: src/guides/integrations/bloomreach.md -> src/guides/v5/integrations/bloomreach.md
Copied file: src/guides/integrations/bigcommerce.md -> src/guides/v6/integrations/bigcommerce.md
Copied file: src/guides/integrations/bloomreach.md -> src/guides/v6/integrations/bloomreach.md
Copied file: src/guides/integrations/shopify_hydrogen.md -> src/guides/v6/integrations/shopify_hydrogen.md
Copied file: src/guides/integrations/wordpress.md -> src/guides/v6/integrations/wordpress.md
Copied file: src/guides/integrations/swell.md -> src/guides/v6/integrations/swell.md
Copied file: src/guides/integrations/bigcommerce.md -> src/guides/v7/integrations/bigcommerce.md
Copied file: src/guides/integrations/bloomreach.md -> src/guides/v7/integrations/bloomreach.md
Copied file: src/guides/integrations/swell.md -> src/guides/v7/integrations/swell.md
Copied file: src/guides/logs/build_logs.md -> src/guides/v5/logs/build_logs.md
Copied file: src/guides/integrations/wordpress.md -> src/guides/v7/integrations/wordpress.md
Copied file: src/guides/integrations/shopify_hydrogen.md -> src/guides/v7/integrations/shopify_hydrogen.md
Copied file: src/guides/logs/build_logs.md -> src/guides/v6/logs/build_logs.md
Copied file: src/guides/logs/server_logs.md -> src/guides/v5/logs/server_logs.md
Copied file: src/guides/logs/rtld.md -> src/guides/v5/logs/rtld.md
Copied file: src/guides/logs/server_logs.md -> src/guides/v6/logs/server_logs.md
Copied file: src/guides/logs/access_logs.md -> src/guides/v6/logs/access_logs.md
Copied file: src/guides/logs/rtld.md -> src/guides/v6/logs/rtld.md
Copied file: src/guides/logs/access_logs.md -> src/guides/v5/logs/access_logs.md
Copied file: src/guides/logs/server_logs.md -> src/guides/v7/logs/server_logs.md
Copied file: src/guides/logs/access_logs.md -> src/guides/v7/logs/access_logs.md
Copied file: src/guides/logs/rtld.md -> src/guides/v7/logs/rtld.md
Copied file: src/guides/logs/build_logs.md -> src/guides/v7/logs/build_logs.md
Copied file: src/guides/performance/caching.md -> src/guides/v7/performance/caching.md
Copied file: src/guides/performance/cdn_as_code.md -> src/guides/v7/performance/cdn_as_code.md
Copied file: src/guides/performance/getting_started.md -> src/guides/v7/performance/getting_started.md
Copied file: src/guides/performance/compression.md -> src/guides/v7/performance/compression.md
Copied file: src/guides/performance/limits.md -> src/guides/v7/performance/limits.md
Copied file: src/guides/performance/image_optimization.md -> src/guides/v7/performance/image_optimization.md
Copied file: src/guides/performance/observability.md -> src/guides/v7/performance/observability.md
Copied file: src/guides/performance/purging.md -> src/guides/v7/performance/purging.md
Copied file: src/guides/performance/request.md -> src/guides/v7/performance/request.md
Copied file: src/guides/performance/prefetching.md -> src/guides/v7/performance/prefetching.md
Copied file: src/guides/performance/rules.md -> src/guides/v7/performance/rules.md
Copied file: src/guides/performance/serverless_compute.md -> src/guides/v7/performance/serverless_compute.md
Copied file: src/guides/performance/third_party_cdns.md -> src/guides/v7/performance/third_party_cdns.md
Copied file: src/guides/performance/response.md -> src/guides/v7/performance/response.md
Copied file: src/guides/performance/static_prerendering.md -> src/guides/v7/performance/static_prerendering.md
Copied file: src/guides/performance/traffic_splitting.md -> src/guides/v7/performance/traffic_splitting.md
Copied file: src/guides/performance/unit_testing_edgejs.md -> src/guides/v7/performance/unit_testing_edgejs.md
Copied file: src/guides/reference/country_codes.md -> src/guides/v6/reference/country_codes.md
Copied file: src/guides/performance/traditional_sites.md -> src/guides/v7/performance/traditional_sites.md
Copied file: src/guides/reference/country_codes.md -> src/guides/v5/reference/country_codes.md
Copied file: src/guides/performance/troubleshooting.md -> src/guides/v7/performance/troubleshooting.md
Copied file: src/guides/reference/country_codes.md -> src/guides/v7/reference/country_codes.md
Copied file: src/guides/security/access_rules.md -> src/guides/v7/security/access_rules.md
Copied file: src/guides/security/dashboard.md -> src/guides/v7/security/dashboard.md
Copied file: src/guides/security/custom_rules.md -> src/guides/v7/security/custom_rules.md
Copied file: src/guides/security/bot_rules.md -> src/guides/v7/security/bot_rules.md
Copied file: src/guides/security/edgejs_security.md -> src/guides/v7/security/edgejs_security.md
Copied file: src/guides/security/getting_started.md -> src/guides/v7/security/getting_started.md
Copied file: src/guides/security/managed_rule_groups.md -> src/guides/v7/security/managed_rule_groups.md
Copied file: src/guides/security/matched_on_variables.md -> src/guides/v7/security/matched_on_variables.md
Copied file: src/guides/security/introduction.md -> src/guides/v7/security/introduction.md
Copied file: src/guides/security/managed_rules.md -> src/guides/v7/security/managed_rules.md
Copied file: src/guides/security/origin_shield.md -> src/guides/v7/security/origin_shield.md
Copied file: src/guides/security/rate_rules.md -> src/guides/v7/security/rate_rules.md
Copied file: src/guides/security/tls_certificates.md -> src/guides/v7/security/tls_certificates.md
Copied file: src/guides/security/recent_event_logs.md -> src/guides/v7/security/recent_event_logs.md
Copied file: src/guides/upgrading/layer0_migration.md -> src/guides/v5/upgrading/layer0_migration.md
Copied file: src/guides/security/waf.md -> src/guides/v7/security/waf.md
Copied file: src/guides/security/response_to_client.md -> src/guides/v7/security/response_to_client.md
Copied file: src/guides/upgrading/layer0_migration.md -> src/guides/v6/upgrading/layer0_migration.md
Copied file: src/guides/security/security_applications.md -> src/guides/v7/security/security_applications.md
Copied file: src/guides/upgrading/v5_migration.md -> src/guides/v5/upgrading/v5_migration.md
Copied file: src/guides/upgrading/layer0_migration.md -> src/guides/v7/upgrading/layer0_migration.md
Copied file: src/guides/upgrading/v6_migration.md -> src/guides/v5/upgrading/v6_migration.md
Copied file: src/guides/upgrading/v6_migration.md -> src/guides/v6/upgrading/v6_migration.md
Copied file: src/guides/upgrading/v6_migration.md -> src/guides/v7/upgrading/v6_migration.md
Copied file: src/guides/basics/collaboration/sso.md -> src/guides/v7/basics/collaboration/sso.md
Copied file: src/guides/upgrading/v5_migration.md -> src/guides/v6/upgrading/v5_migration.md
Copied file: src/guides/logs/rtld/aws_s3_log_delivery.md -> src/guides/v5/logs/rtld/aws_s3_log_delivery.md
Copied file: src/guides/logs/rtld/azure_blob_storage_log_delivery.md -> src/guides/v5/logs/rtld/azure_blob_storage_log_delivery.md
Copied file: src/guides/logs/rtld/google_cloud_storage_log_delivery.md -> src/guides/v5/logs/rtld/google_cloud_storage_log_delivery.md
Copied file: src/guides/logs/rtld/log_data_verification.md -> src/guides/v5/logs/rtld/log_data_verification.md
Copied file: src/guides/logs/rtld/datadog_log_delivery.md -> src/guides/v5/logs/rtld/datadog_log_delivery.md
Copied file: src/guides/upgrading/v5_migration.md -> src/guides/v7/upgrading/v5_migration.md
Copied file: src/guides/logs/rtld/log_fields_rtld_cdn.md -> src/guides/v5/logs/rtld/log_fields_rtld_cdn.md
Copied file: src/guides/logs/rtld/log_fields_rtld_rate_limiting.md -> src/guides/v5/logs/rtld/log_fields_rtld_rate_limiting.md
Copied file: src/guides/logs/rtld/log_file_naming_convention.md -> src/guides/v5/logs/rtld/log_file_naming_convention.md
Copied file: src/guides/logs/rtld/new_relic_log_delivery.md -> src/guides/v5/logs/rtld/new_relic_log_delivery.md
Copied file: src/guides/logs/rtld/splunk_enterprise_log_delivery.md -> src/guides/v5/logs/rtld/splunk_enterprise_log_delivery.md
Copied file: src/guides/logs/rtld/log_fields_rtld_waf.md -> src/guides/v5/logs/rtld/log_fields_rtld_waf.md
Copied file: src/guides/logs/rtld/web_server_log_delivery.md -> src/guides/v5/logs/rtld/web_server_log_delivery.md
Copied file: src/guides/logs/rtld/aws_s3_log_delivery.md -> src/guides/v6/logs/rtld/aws_s3_log_delivery.md
Copied file: src/guides/logs/rtld/sumo_logic_log_delivery.md -> src/guides/v5/logs/rtld/sumo_logic_log_delivery.md
Copied file: src/guides/logs/rtld/azure_blob_storage_log_delivery.md -> src/guides/v6/logs/rtld/azure_blob_storage_log_delivery.md
Copied file: src/guides/logs/rtld/log_data_verification.md -> src/guides/v6/logs/rtld/log_data_verification.md
Copied file: src/guides/logs/rtld/google_cloud_storage_log_delivery.md -> src/guides/v6/logs/rtld/google_cloud_storage_log_delivery.md
Copied file: src/guides/logs/rtld/datadog_log_delivery.md -> src/guides/v6/logs/rtld/datadog_log_delivery.md
Copied file: src/guides/logs/rtld/log_fields_rtld_cdn.md -> src/guides/v6/logs/rtld/log_fields_rtld_cdn.md
Copied file: src/guides/logs/rtld/log_fields_rtld_waf.md -> src/guides/v6/logs/rtld/log_fields_rtld_waf.md
Copied file: src/guides/logs/rtld/log_fields_rtld_rate_limiting.md -> src/guides/v6/logs/rtld/log_fields_rtld_rate_limiting.md
Copied file: src/guides/logs/rtld/log_file_naming_convention.md -> src/guides/v6/logs/rtld/log_file_naming_convention.md
Copied file: src/guides/logs/rtld/new_relic_log_delivery.md -> src/guides/v6/logs/rtld/new_relic_log_delivery.md
Copied file: src/guides/logs/rtld/splunk_enterprise_log_delivery.md -> src/guides/v6/logs/rtld/splunk_enterprise_log_delivery.md
Copied file: src/guides/logs/rtld/web_server_log_delivery.md -> src/guides/v6/logs/rtld/web_server_log_delivery.md
Copied file: src/guides/logs/rtld/aws_s3_log_delivery.md -> src/guides/v7/logs/rtld/aws_s3_log_delivery.md
Copied file: src/guides/logs/rtld/sumo_logic_log_delivery.md -> src/guides/v6/logs/rtld/sumo_logic_log_delivery.md
Copied file: src/guides/logs/rtld/log_data_verification.md -> src/guides/v7/logs/rtld/log_data_verification.md
Copied file: src/guides/logs/rtld/datadog_log_delivery.md -> src/guides/v7/logs/rtld/datadog_log_delivery.md
Copied file: src/guides/logs/rtld/azure_blob_storage_log_delivery.md -> src/guides/v7/logs/rtld/azure_blob_storage_log_delivery.md
Copied file: src/guides/logs/rtld/google_cloud_storage_log_delivery.md -> src/guides/v7/logs/rtld/google_cloud_storage_log_delivery.md
Copied file: src/guides/logs/rtld/log_fields_rtld_cdn.md -> src/guides/v7/logs/rtld/log_fields_rtld_cdn.md
Copied file: src/guides/logs/rtld/log_fields_rtld_rate_limiting.md -> src/guides/v7/logs/rtld/log_fields_rtld_rate_limiting.md
Copied file: src/guides/logs/rtld/new_relic_log_delivery.md -> src/guides/v7/logs/rtld/new_relic_log_delivery.md
Copied file: src/guides/logs/rtld/log_file_naming_convention.md -> src/guides/v7/logs/rtld/log_file_naming_convention.md
Copied file: src/guides/logs/rtld/log_fields_rtld_waf.md -> src/guides/v7/logs/rtld/log_fields_rtld_waf.md
Copied file: src/guides/logs/rtld/web_server_log_delivery.md -> src/guides/v7/logs/rtld/web_server_log_delivery.md
Copied file: src/guides/logs/rtld/splunk_enterprise_log_delivery.md -> src/guides/v7/logs/rtld/splunk_enterprise_log_delivery.md
Copied file: src/guides/performance/cdn_as_code/edgio_config.md -> src/guides/v7/performance/cdn_as_code/edgio_config.md
Copied file: src/guides/logs/rtld/sumo_logic_log_delivery.md -> src/guides/v7/logs/rtld/sumo_logic_log_delivery.md
Copied file: src/guides/performance/cdn_as_code/common_routing_patterns.md -> src/guides/v7/performance/cdn_as_code/common_routing_patterns.md
Copied file: src/guides/performance/observability/devtools.md -> src/guides/v7/performance/observability/devtools.md
Copied file: src/guides/performance/cdn_as_code/getting_started.md -> src/guides/v7/performance/cdn_as_code/getting_started.md
Copied file: src/guides/performance/observability/core_web_vitals.md -> src/guides/v7/performance/observability/core_web_vitals.md
Copied file: src/guides/performance/rules/feature_variables.md -> src/guides/v7/performance/rules/feature_variables.md
Copied file: src/guides/performance/observability/edge_insights.md -> src/guides/v7/performance/observability/edge_insights.md
Copied file: src/guides/performance/rules/operators.md -> src/guides/v7/performance/rules/operators.md
Copied file: src/guides/performance/rules/conditions.md -> src/guides/v7/performance/rules/conditions.md
Copied file: src/guides/performance/traffic_splitting/a_b_testing.md -> src/guides/v7/performance/traffic_splitting/a_b_testing.md
Copied file: src/guides/performance/rules/features.md -> src/guides/v7/performance/rules/features.md
Removed file: src/guides/contributing.md
Removed file: src/guides/develop.md
Removed file: src/guides/basics.md
Removed file: src/guides/getting_started.md
Removed file: src/guides/install_nodejs.md
Removed file: src/guides/index.md
Removed file: src/guides/how-to.md
Removed file: src/guides/integrations.md
Removed file: src/guides/reference.md
Removed file: src/guides/release_notes.md
Removed file: src/guides/learning.md
Removed file: src/guides/security.md
Removed file: src/guides/sites_frameworks.md
Removed file: src/guides/upgrading.md
Removed file: src/guides/performance.md
Removed file: src/guides/logs.md
Removed file: src/guides/what_is_graphql.md
Removed file: src/guides/basics/account_settings.md
Removed file: src/guides/basics/deployments.md
Removed file: src/guides/basics/alerts.md
Removed file: src/guides/basics/collaboration.md
Removed file: src/guides/basics/domains.md
Removed file: src/guides/basics/environments.md
Removed file: src/guides/basics/hostnames_and_origins.md
Removed file: src/guides/basics/properties.md
Removed file: src/guides/basics/collaboration/sso.md
Removed file: src/guides/develop/cli.md
Removed file: src/guides/develop/deploy_to_edgio.md
Removed file: src/guides/develop/logs.md
Removed file: src/guides/develop/packages.md
Removed file: src/guides/develop/rest_api.md
Removed file: src/guides/integrations/bloomreach.md
Removed file: src/guides/integrations/swell.md
Removed file: src/guides/integrations/bigcommerce.md
Removed file: src/guides/integrations/shopify_hydrogen.md
Removed file: src/guides/integrations/wordpress.md
Removed file: src/guides/logs/access_logs.md
Removed file: src/guides/logs/rtld.md
Removed file: src/guides/logs/build_logs.md
Removed file: src/guides/logs/server_logs.md
Removed file: src/guides/logs/rtld/aws_s3_log_delivery.md
Removed file: src/guides/logs/rtld/datadog_log_delivery.md
Removed file: src/guides/logs/rtld/azure_blob_storage_log_delivery.md
Removed file: src/guides/logs/rtld/log_data_verification.md
Removed file: src/guides/logs/rtld/log_fields_rtld_cdn.md
Removed file: src/guides/logs/rtld/google_cloud_storage_log_delivery.md
Removed file: src/guides/logs/rtld/log_fields_rtld_rate_limiting.md
Removed file: src/guides/logs/rtld/new_relic_log_delivery.md
Removed file: src/guides/logs/rtld/log_file_naming_convention.md
Removed file: src/guides/logs/rtld/log_fields_rtld_waf.md
Removed file: src/guides/logs/rtld/splunk_enterprise_log_delivery.md
Removed file: src/guides/logs/rtld/web_server_log_delivery.md
Removed file: src/guides/logs/rtld/sumo_logic_log_delivery.md
Removed file: src/guides/performance/caching.md
Removed file: src/guides/performance/compression.md
Removed file: src/guides/performance/getting_started.md
Removed file: src/guides/performance/cdn_as_code.md
Removed file: src/guides/performance/image_optimization.md
Removed file: src/guides/performance/prefetching.md
Removed file: src/guides/performance/limits.md
Removed file: src/guides/performance/observability.md
Removed file: src/guides/performance/request.md
Removed file: src/guides/performance/purging.md
Removed file: src/guides/performance/response.md
Removed file: src/guides/performance/rules.md
Removed file: src/guides/performance/serverless_compute.md
Removed file: src/guides/performance/static_prerendering.md
Removed file: src/guides/performance/traditional_sites.md
Removed file: src/guides/performance/third_party_cdns.md
Removed file: src/guides/performance/troubleshooting.md
Removed file: src/guides/performance/traffic_splitting.md
Removed file: src/guides/performance/unit_testing_edgejs.md
Removed file: src/guides/performance/cdn_as_code/edgio_config.md
Removed file: src/guides/performance/cdn_as_code/getting_started.md
Removed file: src/guides/performance/cdn_as_code/common_routing_patterns.md
Removed file: src/guides/performance/observability/core_web_vitals.md
Removed file: src/guides/performance/observability/devtools.md
Removed file: src/guides/performance/observability/edge_insights.md
Removed file: src/guides/performance/rules/conditions.md
Removed file: src/guides/performance/rules/features.md
Removed file: src/guides/performance/rules/feature_variables.md
Removed file: src/guides/performance/rules/operators.md
Removed file: src/guides/performance/traffic_splitting/a_b_testing.md
Removed file: src/guides/reference/country_codes.md
Removed file: src/guides/security/access_rules.md
Removed file: src/guides/security/bot_rules.md
Removed file: src/guides/security/edgejs_security.md
Removed file: src/guides/security/dashboard.md
Removed file: src/guides/security/custom_rules.md
Removed file: src/guides/security/introduction.md
Removed file: src/guides/security/getting_started.md
Removed file: src/guides/security/managed_rule_groups.md
Removed file: src/guides/security/matched_on_variables.md
Removed file: src/guides/security/managed_rules.md
Removed file: src/guides/security/origin_shield.md
Removed file: src/guides/security/rate_rules.md
Removed file: src/guides/security/recent_event_logs.md
Removed file: src/guides/security/security_applications.md
Removed file: src/guides/security/response_to_client.md
Removed file: src/guides/security/tls_certificates.md
Removed file: src/guides/security/waf.md
Removed file: src/guides/sites_frameworks/isg.md
Removed file: src/guides/sites_frameworks/connectors.md
Removed file: src/guides/sites_frameworks/limits.md
Removed file: src/guides/sites_frameworks/getting_started.md
Removed file: src/guides/sites_frameworks/getting_started/angular.md
Removed file: src/guides/sites_frameworks/getting_started/astro.md
Removed file: src/guides/sites_frameworks/getting_started/brunch.md
Removed file: src/guides/sites_frameworks/getting_started/docusaurus.md
Removed file: src/guides/sites_frameworks/getting_started/dojo.md
Removed file: src/guides/sites_frameworks/getting_started/ember.md
Removed file: src/guides/sites_frameworks/getting_started/eleventy.md
Removed file: src/guides/sites_frameworks/getting_started/frontity.md
Removed file: src/guides/sites_frameworks/getting_started/ember_fastboot.md
Removed file: src/guides/sites_frameworks/getting_started/express.md
Removed file: src/guides/sites_frameworks/getting_started/gatsby.md
Removed file: src/guides/sites_frameworks/getting_started/hexo.md
Removed file: src/guides/sites_frameworks/getting_started/gridsome.md
Removed file: src/guides/sites_frameworks/getting_started/hugo.md
Removed file: src/guides/sites_frameworks/getting_started/ionic_react.md
Removed file: src/guides/sites_frameworks/getting_started/jekyll.md
Removed file: src/guides/sites_frameworks/getting_started/ionic_vue.md
Removed file: src/guides/sites_frameworks/getting_started/next_commerce.md
Removed file: src/guides/sites_frameworks/getting_started/preact.md
Removed file: src/guides/sites_frameworks/getting_started/nuxt3.md
Removed file: src/guides/sites_frameworks/getting_started/lit.md
Removed file: src/guides/sites_frameworks/getting_started/mkdocs.md
Removed file: src/guides/sites_frameworks/getting_started/razzle.md
Removed file: src/guides/sites_frameworks/getting_started/react.md
Removed file: src/guides/sites_frameworks/getting_started/redwoodjs.md
Removed file: src/guides/sites_frameworks/getting_started/react-storefront.md
Removed file: src/guides/sites_frameworks/getting_started/react_static.md
Removed file: src/guides/sites_frameworks/getting_started/remix.md
Removed file: src/guides/sites_frameworks/getting_started/sapper.md
Removed file: src/guides/sites_frameworks/getting_started/saber.md
Removed file: src/guides/sites_frameworks/getting_started/scully.md
Removed file: src/guides/sites_frameworks/getting_started/sanity.md
Removed file: src/guides/sites_frameworks/getting_started/solid.md
Removed file: src/guides/sites_frameworks/getting_started/spartacus.md
Removed file: src/guides/sites_frameworks/getting_started/svelte.md
Removed file: src/guides/sites_frameworks/getting_started/stencil.md
Removed file: src/guides/sites_frameworks/getting_started/static_sites.md
Removed file: src/guides/sites_frameworks/getting_started/umijs.md
Removed file: src/guides/sites_frameworks/getting_started/vitepress.md
Removed file: src/guides/sites_frameworks/getting_started/vue.md
Removed file: src/guides/sites_frameworks/getting_started/vsf.md
Removed file: src/guides/sites_frameworks/getting_started/vuepress.md
Removed file: src/guides/sites_frameworks/getting_started/zola.md
Removed file: src/guides/upgrading/layer0_migration.md
Removed file: src/guides/upgrading/v5_migration.md
Removed file: src/guides/upgrading/v6_migration.md
